analyze -format sverilog {   adder.sv   flopr.sv   imm_Gen.sv   mux2.sv   datamemory.sv   pipelineInstructionmem.sv   ALUController.sv   alu.sv   RegFile.sv   Controller.sv   forward_unit.sv   hazdet.sv   mux2_2.sv   mux3.sv   mux3_1.sv   andgate.sv   Datapath.sv   RISC_V.sv }
Running PRESTO HDLC
Searching for ./adder.sv
Searching for /ecelib/linware/synopsys15/dc/libraries/syn/adder.sv
Searching for /ecelib/linware/synopsys15/dc/packages/adder.sv
Searching for /ecelib/linware/synopsys15/dc/packages/IEEE/adder.sv
Searching for /users/ugrad2/2012/spring/pooriam/libraries/adder.sv
Searching for /users/ugrad/2016/fall/yanjiex/EECS112L/lab-1/design/adder.sv
Searching for ./flopr.sv
Searching for /ecelib/linware/synopsys15/dc/libraries/syn/flopr.sv
Searching for /ecelib/linware/synopsys15/dc/packages/flopr.sv
Searching for /ecelib/linware/synopsys15/dc/packages/IEEE/flopr.sv
Searching for /users/ugrad2/2012/spring/pooriam/libraries/flopr.sv
Searching for /users/ugrad/2016/fall/yanjiex/EECS112L/lab-1/design/flopr.sv
Searching for ./imm_Gen.sv
Searching for /ecelib/linware/synopsys15/dc/libraries/syn/imm_Gen.sv
Searching for /ecelib/linware/synopsys15/dc/packages/imm_Gen.sv
Searching for /ecelib/linware/synopsys15/dc/packages/IEEE/imm_Gen.sv
Searching for /users/ugrad2/2012/spring/pooriam/libraries/imm_Gen.sv
Searching for /users/ugrad/2016/fall/yanjiex/EECS112L/lab-1/design/imm_Gen.sv
Searching for ./mux2.sv
Searching for /ecelib/linware/synopsys15/dc/libraries/syn/mux2.sv
Searching for /ecelib/linware/synopsys15/dc/packages/mux2.sv
Searching for /ecelib/linware/synopsys15/dc/packages/IEEE/mux2.sv
Searching for /users/ugrad2/2012/spring/pooriam/libraries/mux2.sv
Searching for /users/ugrad/2016/fall/yanjiex/EECS112L/lab-1/design/mux2.sv
Searching for ./datamemory.sv
Searching for /ecelib/linware/synopsys15/dc/libraries/syn/datamemory.sv
Searching for /ecelib/linware/synopsys15/dc/packages/datamemory.sv
Searching for /ecelib/linware/synopsys15/dc/packages/IEEE/datamemory.sv
Searching for /users/ugrad2/2012/spring/pooriam/libraries/datamemory.sv
Searching for /users/ugrad/2016/fall/yanjiex/EECS112L/lab-1/design/datamemory.sv
Searching for ./pipelineInstructionmem.sv
Searching for /ecelib/linware/synopsys15/dc/libraries/syn/pipelineInstructionmem.sv
Searching for /ecelib/linware/synopsys15/dc/packages/pipelineInstructionmem.sv
Searching for /ecelib/linware/synopsys15/dc/packages/IEEE/pipelineInstructionmem.sv
Searching for /users/ugrad2/2012/spring/pooriam/libraries/pipelineInstructionmem.sv
Searching for /users/ugrad/2016/fall/yanjiex/EECS112L/lab-1/design/pipelineInstructionmem.sv
Searching for ./ALUController.sv
Searching for /ecelib/linware/synopsys15/dc/libraries/syn/ALUController.sv
Searching for /ecelib/linware/synopsys15/dc/packages/ALUController.sv
Searching for /ecelib/linware/synopsys15/dc/packages/IEEE/ALUController.sv
Searching for /users/ugrad2/2012/spring/pooriam/libraries/ALUController.sv
Searching for /users/ugrad/2016/fall/yanjiex/EECS112L/lab-1/design/ALUController.sv
Searching for ./alu.sv
Searching for /ecelib/linware/synopsys15/dc/libraries/syn/alu.sv
Searching for /ecelib/linware/synopsys15/dc/packages/alu.sv
Searching for /ecelib/linware/synopsys15/dc/packages/IEEE/alu.sv
Searching for /users/ugrad2/2012/spring/pooriam/libraries/alu.sv
Searching for /users/ugrad/2016/fall/yanjiex/EECS112L/lab-1/design/alu.sv
Searching for ./RegFile.sv
Searching for /ecelib/linware/synopsys15/dc/libraries/syn/RegFile.sv
Searching for /ecelib/linware/synopsys15/dc/packages/RegFile.sv
Searching for /ecelib/linware/synopsys15/dc/packages/IEEE/RegFile.sv
Searching for /users/ugrad2/2012/spring/pooriam/libraries/RegFile.sv
Searching for /users/ugrad/2016/fall/yanjiex/EECS112L/lab-1/design/RegFile.sv
Searching for ./Controller.sv
Searching for /ecelib/linware/synopsys15/dc/libraries/syn/Controller.sv
Searching for /ecelib/linware/synopsys15/dc/packages/Controller.sv
Searching for /ecelib/linware/synopsys15/dc/packages/IEEE/Controller.sv
Searching for /users/ugrad2/2012/spring/pooriam/libraries/Controller.sv
Searching for /users/ugrad/2016/fall/yanjiex/EECS112L/lab-1/design/Controller.sv
Searching for ./forward_unit.sv
Searching for /ecelib/linware/synopsys15/dc/libraries/syn/forward_unit.sv
Searching for /ecelib/linware/synopsys15/dc/packages/forward_unit.sv
Searching for /ecelib/linware/synopsys15/dc/packages/IEEE/forward_unit.sv
Searching for /users/ugrad2/2012/spring/pooriam/libraries/forward_unit.sv
Searching for /users/ugrad/2016/fall/yanjiex/EECS112L/lab-1/design/forward_unit.sv
Searching for ./hazdet.sv
Searching for /ecelib/linware/synopsys15/dc/libraries/syn/hazdet.sv
Searching for /ecelib/linware/synopsys15/dc/packages/hazdet.sv
Searching for /ecelib/linware/synopsys15/dc/packages/IEEE/hazdet.sv
Searching for /users/ugrad2/2012/spring/pooriam/libraries/hazdet.sv
Searching for /users/ugrad/2016/fall/yanjiex/EECS112L/lab-1/design/hazdet.sv
Searching for ./mux2_2.sv
Searching for /ecelib/linware/synopsys15/dc/libraries/syn/mux2_2.sv
Searching for /ecelib/linware/synopsys15/dc/packages/mux2_2.sv
Searching for /ecelib/linware/synopsys15/dc/packages/IEEE/mux2_2.sv
Searching for /users/ugrad2/2012/spring/pooriam/libraries/mux2_2.sv
Searching for /users/ugrad/2016/fall/yanjiex/EECS112L/lab-1/design/mux2_2.sv
Searching for ./mux3.sv
Searching for /ecelib/linware/synopsys15/dc/libraries/syn/mux3.sv
Searching for /ecelib/linware/synopsys15/dc/packages/mux3.sv
Searching for /ecelib/linware/synopsys15/dc/packages/IEEE/mux3.sv
Searching for /users/ugrad2/2012/spring/pooriam/libraries/mux3.sv
Searching for /users/ugrad/2016/fall/yanjiex/EECS112L/lab-1/design/mux3.sv
Searching for ./mux3_1.sv
Searching for /ecelib/linware/synopsys15/dc/libraries/syn/mux3_1.sv
Searching for /ecelib/linware/synopsys15/dc/packages/mux3_1.sv
Searching for /ecelib/linware/synopsys15/dc/packages/IEEE/mux3_1.sv
Searching for /users/ugrad2/2012/spring/pooriam/libraries/mux3_1.sv
Searching for /users/ugrad/2016/fall/yanjiex/EECS112L/lab-1/design/mux3_1.sv
Searching for ./andgate.sv
Searching for /ecelib/linware/synopsys15/dc/libraries/syn/andgate.sv
Searching for /ecelib/linware/synopsys15/dc/packages/andgate.sv
Searching for /ecelib/linware/synopsys15/dc/packages/IEEE/andgate.sv
Searching for /users/ugrad2/2012/spring/pooriam/libraries/andgate.sv
Searching for /users/ugrad/2016/fall/yanjiex/EECS112L/lab-1/design/andgate.sv
Searching for ./Datapath.sv
Searching for /ecelib/linware/synopsys15/dc/libraries/syn/Datapath.sv
Searching for /ecelib/linware/synopsys15/dc/packages/Datapath.sv
Searching for /ecelib/linware/synopsys15/dc/packages/IEEE/Datapath.sv
Searching for /users/ugrad2/2012/spring/pooriam/libraries/Datapath.sv
Searching for /users/ugrad/2016/fall/yanjiex/EECS112L/lab-1/design/Datapath.sv
Searching for ./RISC_V.sv
Searching for /ecelib/linware/synopsys15/dc/libraries/syn/RISC_V.sv
Searching for /ecelib/linware/synopsys15/dc/packages/RISC_V.sv
Searching for /ecelib/linware/synopsys15/dc/packages/IEEE/RISC_V.sv
Searching for /users/ugrad2/2012/spring/pooriam/libraries/RISC_V.sv
Searching for /users/ugrad/2016/fall/yanjiex/EECS112L/lab-1/design/RISC_V.sv
Compiling source file /users/ugrad/2016/fall/yanjiex/EECS112L/lab-1/design/adder.sv
Compiling source file /users/ugrad/2016/fall/yanjiex/EECS112L/lab-1/design/flopr.sv
Compiling source file /users/ugrad/2016/fall/yanjiex/EECS112L/lab-1/design/imm_Gen.sv
Compiling source file /users/ugrad/2016/fall/yanjiex/EECS112L/lab-1/design/mux2.sv
Compiling source file /users/ugrad/2016/fall/yanjiex/EECS112L/lab-1/design/datamemory.sv
Compiling source file /users/ugrad/2016/fall/yanjiex/EECS112L/lab-1/design/pipelineInstructionmem.sv
Compiling source file /users/ugrad/2016/fall/yanjiex/EECS112L/lab-1/design/ALUController.sv
Compiling source file /users/ugrad/2016/fall/yanjiex/EECS112L/lab-1/design/alu.sv
Compiling source file /users/ugrad/2016/fall/yanjiex/EECS112L/lab-1/design/RegFile.sv
Compiling source file /users/ugrad/2016/fall/yanjiex/EECS112L/lab-1/design/Controller.sv
Compiling source file /users/ugrad/2016/fall/yanjiex/EECS112L/lab-1/design/forward_unit.sv
Compiling source file /users/ugrad/2016/fall/yanjiex/EECS112L/lab-1/design/hazdet.sv
Compiling source file /users/ugrad/2016/fall/yanjiex/EECS112L/lab-1/design/mux2_2.sv
Compiling source file /users/ugrad/2016/fall/yanjiex/EECS112L/lab-1/design/mux3.sv
Compiling source file /users/ugrad/2016/fall/yanjiex/EECS112L/lab-1/design/mux3_1.sv
Compiling source file /users/ugrad/2016/fall/yanjiex/EECS112L/lab-1/design/andgate.sv
Compiling source file /users/ugrad/2016/fall/yanjiex/EECS112L/lab-1/design/Datapath.sv
Compiling source file /users/ugrad/2016/fall/yanjiex/EECS112L/lab-1/design/RISC_V.sv
Warning:  /users/ugrad/2016/fall/yanjiex/EECS112L/lab-1/design/Datapath.sv:62: Forward references to 'exreg' are non-standard. This may be treated as an error in the future. (VER-733)
Warning:  /users/ugrad/2016/fall/yanjiex/EECS112L/lab-1/design/Datapath.sv:84: Forward references to 'memreg' are non-standard. This may be treated as an error in the future. (VER-733)
Warning:  /users/ugrad/2016/fall/yanjiex/EECS112L/lab-1/design/Datapath.sv:89: Forward references to 'idreg' are non-standard. This may be treated as an error in the future. (VER-733)
Presto compilation completed successfully.
Loading db file '/users/ugrad2/2012/spring/pooriam/libraries/saed32lvt_tt1p05vn40c.db'
Loading db file '/users/ugrad2/2012/spring/pooriam/libraries/saed32sram_tt1p05vn40c.db'
Loading db file '/ecelib/linware/synopsys15/dc/libraries/syn/dw_foundation.sldb'
1
1
