Loading db file '/ecelib/linware/synopsys15/dc/libraries/syn/gtech.db'
Loading db file '/ecelib/linware/synopsys15/dc/libraries/syn/standard.sldb'
  Loading link library 'saed32lvt_tt1p05vn40c'
  Loading link library 'saed32sram_tt1p05vn40c'
  Loading link library 'gtech'
Running PRESTO HDLC
Presto compilation completed successfully.
Elaborated 1 design.
Current design is now 'riscv'.
Information: Building the design 'Datapath'. (HDL-193)

Inferred memory devices in process
	in routine Datapath line 71 in file
		'/users/ugrad/2016/fall/yanjiex/EECS112L/lab-1/design/Datapath.sv'.
===============================================================================
|    Register Name    |   Type    | Width | Bus | MB | AR | AS | SR | SS | ST |
===============================================================================
|      ifreg_reg      | Flip-flop |  41   |  Y  | N  | N  | N  | N  | N  | N  |
===============================================================================

Inferred memory devices in process
	in routine Datapath line 93 in file
		'/users/ugrad/2016/fall/yanjiex/EECS112L/lab-1/design/Datapath.sv'.
===============================================================================
|    Register Name    |   Type    | Width | Bus | MB | AR | AS | SR | SS | ST |
===============================================================================
|      idreg_reg      | Flip-flop |  140  |  Y  | N  | N  | N  | N  | N  | N  |
===============================================================================

Inferred memory devices in process
	in routine Datapath line 154 in file
		'/users/ugrad/2016/fall/yanjiex/EECS112L/lab-1/design/Datapath.sv'.
===============================================================================
|    Register Name    |   Type    | Width | Bus | MB | AR | AS | SR | SS | ST |
===============================================================================
|      exreg_reg      | Flip-flop |  112  |  Y  | N  | N  | N  | N  | N  | N  |
===============================================================================

Inferred memory devices in process
	in routine Datapath line 193 in file
		'/users/ugrad/2016/fall/yanjiex/EECS112L/lab-1/design/Datapath.sv'.
===============================================================================
|    Register Name    |   Type    | Width | Bus | MB | AR | AS | SR | SS | ST |
===============================================================================
|     memreg_reg      | Flip-flop |  105  |  Y  | N  | N  | N  | N  | N  | N  |
===============================================================================
Presto compilation completed successfully.
Information: Building the design 'adder' instantiated from design 'Datapath' with
	the parameters "9". (HDL-193)
Presto compilation completed successfully.
Information: Building the design 'mux3' instantiated from design 'Datapath' with
	the parameters "9". (HDL-193)

Inferred memory devices in process
	in routine mux3_WIDTH9 line 14 in file
		'/users/ugrad/2016/fall/yanjiex/EECS112L/lab-1/design/mux3.sv'.
===========================================================================
|    Register Name    | Type  | Width | Bus | MB | AR | AS | SR | SS | ST |
===========================================================================
|        z_reg        | Latch |  32   |  Y  | N  | N  | N  | -  | -  | -  |
|        y_reg        | Latch |   9   |  Y  | N  | N  | N  | -  | -  | -  |
===========================================================================
Warning:  /users/ugrad/2016/fall/yanjiex/EECS112L/lab-1/design/mux3.sv:14: Netlist for always_comb block contains a latch. (ELAB-974)
Presto compilation completed successfully.
Information: Building the design 'flopr' instantiated from design 'Datapath' with
	the parameters "9". (HDL-193)

Inferred memory devices in process
	in routine flopr_WIDTH9 line 29 in file
		'/users/ugrad/2016/fall/yanjiex/EECS112L/lab-1/design/flopr.sv'.
===============================================================================
|    Register Name    |   Type    | Width | Bus | MB | AR | AS | SR | SS | ST |
===============================================================================
|        q_reg        | Flip-flop |   9   |  Y  | N  | Y  | N  | N  | N  | N  |
===============================================================================
Presto compilation completed successfully.
Information: Building the design 'instructionmemory'. (HDL-193)
Statistics for MUX_OPs
===============================================================
|   block name/line    | Inputs | Outputs | # sel inputs | MB |
===============================================================
| instructionmemory/51 |  128   |   21    |      7       | N  |
===============================================================
Presto compilation completed successfully.
Information: Building the design 'RegFile'. (HDL-193)

Inferred memory devices in process
	in routine RegFile line 30 in file
		'/users/ugrad/2016/fall/yanjiex/EECS112L/lab-1/design/RegFile.sv'.
===============================================================================
|    Register Name    |   Type    | Width | Bus | MB | AR | AS | SR | SS | ST |
===============================================================================
|  register_file_reg  | Flip-flop |  32   |  Y  | N  | N  | N  | N  | N  | N  |
|  register_file_reg  | Flip-flop |  32   |  Y  | N  | N  | N  | N  | N  | N  |
|  register_file_reg  | Flip-flop |  32   |  Y  | N  | N  | N  | N  | N  | N  |
|  register_file_reg  | Flip-flop |  32   |  Y  | N  | N  | N  | N  | N  | N  |
|  register_file_reg  | Flip-flop |  32   |  Y  | N  | N  | N  | N  | N  | N  |
|  register_file_reg  | Flip-flop |  32   |  Y  | N  | N  | N  | N  | N  | N  |
|  register_file_reg  | Flip-flop |  32   |  Y  | N  | N  | N  | N  | N  | N  |
|  register_file_reg  | Flip-flop |  32   |  Y  | N  | N  | N  | N  | N  | N  |
|  register_file_reg  | Flip-flop |  32   |  Y  | N  | N  | N  | N  | N  | N  |
|  register_file_reg  | Flip-flop |  32   |  Y  | N  | N  | N  | N  | N  | N  |
|  register_file_reg  | Flip-flop |  32   |  Y  | N  | N  | N  | N  | N  | N  |
|  register_file_reg  | Flip-flop |  32   |  Y  | N  | N  | N  | N  | N  | N  |
|  register_file_reg  | Flip-flop |  32   |  Y  | N  | N  | N  | N  | N  | N  |
|  register_file_reg  | Flip-flop |  32   |  Y  | N  | N  | N  | N  | N  | N  |
|  register_file_reg  | Flip-flop |  32   |  Y  | N  | N  | N  | N  | N  | N  |
|  register_file_reg  | Flip-flop |  32   |  Y  | N  | N  | N  | N  | N  | N  |
|  register_file_reg  | Flip-flop |  32   |  Y  | N  | N  | N  | N  | N  | N  |
|  register_file_reg  | Flip-flop |  32   |  Y  | N  | N  | N  | N  | N  | N  |
|  register_file_reg  | Flip-flop |  32   |  Y  | N  | N  | N  | N  | N  | N  |
|  register_file_reg  | Flip-flop |  32   |  Y  | N  | N  | N  | N  | N  | N  |
|  register_file_reg  | Flip-flop |  32   |  Y  | N  | N  | N  | N  | N  | N  |
|  register_file_reg  | Flip-flop |  32   |  Y  | N  | N  | N  | N  | N  | N  |
|  register_file_reg  | Flip-flop |  32   |  Y  | N  | N  | N  | N  | N  | N  |
|  register_file_reg  | Flip-flop |  32   |  Y  | N  | N  | N  | N  | N  | N  |
|  register_file_reg  | Flip-flop |  32   |  Y  | N  | N  | N  | N  | N  | N  |
|  register_file_reg  | Flip-flop |  32   |  Y  | N  | N  | N  | N  | N  | N  |
|  register_file_reg  | Flip-flop |  32   |  Y  | N  | N  | N  | N  | N  | N  |
|  register_file_reg  | Flip-flop |  32   |  Y  | N  | N  | N  | N  | N  | N  |
|  register_file_reg  | Flip-flop |  32   |  Y  | N  | N  | N  | N  | N  | N  |
|  register_file_reg  | Flip-flop |  32   |  Y  | N  | N  | N  | N  | N  | N  |
|  register_file_reg  | Flip-flop |  32   |  Y  | N  | N  | N  | N  | N  | N  |
|  register_file_reg  | Flip-flop |  32   |  Y  | N  | N  | N  | N  | N  | N  |
===============================================================================
Statistics for MUX_OPs
===========================================================
| block name/line  | Inputs | Outputs | # sel inputs | MB |
===========================================================
|    RegFile/38    |   32   |   32    |      5       | N  |
|    RegFile/39    |   32   |   32    |      5       | N  |
===========================================================
Presto compilation completed successfully.
Information: Building the design 'Controller'. (HDL-193)
Presto compilation completed successfully.
Information: Building the design 'imm_Gen'. (HDL-193)

Statistics for case statements in always block at line 28 in file
	'/users/ugrad/2016/fall/yanjiex/EECS112L/lab-1/design/imm_Gen.sv'
===============================================
|           Line           |  full/ parallel  |
===============================================
|            32            |    auto/auto     |
===============================================
Presto compilation completed successfully.
Information: Building the design 'hazdet'. (HDL-193)
Presto compilation completed successfully.
Information: Building the design 'adder' instantiated from design 'Datapath' with
	the parameters "32". (HDL-193)
Presto compilation completed successfully.
Information: Building the design 'ALUController'. (HDL-193)
Presto compilation completed successfully.
Information: Building the design 'mux3_1'. (HDL-193)

Inferred memory devices in process
	in routine mux3_1 line 9 in file
		'/users/ugrad/2016/fall/yanjiex/EECS112L/lab-1/design/mux3_1.sv'.
===========================================================================
|    Register Name    | Type  | Width | Bus | MB | AR | AS | SR | SS | ST |
===========================================================================
|        y_reg        | Latch |  32   |  Y  | N  | N  | N  | -  | -  | -  |
===========================================================================
Warning:  /users/ugrad/2016/fall/yanjiex/EECS112L/lab-1/design/mux3_1.sv:9: Netlist for always_comb block contains a latch. (ELAB-974)
Presto compilation completed successfully.
Information: Building the design 'mux2' instantiated from design 'Datapath' with
	the parameters "32". (HDL-193)
Presto compilation completed successfully.
Information: Building the design 'alu'. (HDL-193)
Warning:  /users/ugrad/2016/fall/yanjiex/EECS112L/lab-1/design/alu.sv:52: signed to unsigned assignment occurs. (VER-318)
Warning:  /users/ugrad/2016/fall/yanjiex/EECS112L/lab-1/design/alu.sv:54: signed to unsigned assignment occurs. (VER-318)

Statistics for case statements in always block at line 35 in file
	'/users/ugrad/2016/fall/yanjiex/EECS112L/lab-1/design/alu.sv'
===============================================
|           Line           |  full/ parallel  |
===============================================
|            38            |    auto/auto     |
===============================================

Inferred memory devices in process
	in routine alu line 35 in file
		'/users/ugrad/2016/fall/yanjiex/EECS112L/lab-1/design/alu.sv'.
===========================================================================
|    Register Name    | Type  | Width | Bus | MB | AR | AS | SR | SS | ST |
===========================================================================
|      zero_reg       | Latch |   1   |  N  | N  | N  | N  | -  | -  | -  |
===========================================================================
Warning:  /users/ugrad/2016/fall/yanjiex/EECS112L/lab-1/design/alu.sv:35: Netlist for always_comb block contains a latch. (ELAB-974)
Presto compilation completed successfully.
Information: Building the design 'forward_unit'. (HDL-193)
Presto compilation completed successfully.
Information: Building the design 'andgate' instantiated from design 'Datapath' with
	the parameters "1". (HDL-193)
Presto compilation completed successfully.
Information: Building the design 'datamemory'. (HDL-193)

Statistics for case statements in always block at line 18 in file
	'/users/ugrad/2016/fall/yanjiex/EECS112L/lab-1/design/datamemory.sv'
===============================================
|           Line           |  full/ parallel  |
===============================================
|            21            |    auto/auto     |
===============================================

Statistics for case statements in always block at line 37 in file
	'/users/ugrad/2016/fall/yanjiex/EECS112L/lab-1/design/datamemory.sv'
===============================================
|           Line           |  full/ parallel  |
===============================================
|            39            |    auto/auto     |
===============================================

Inferred memory devices in process
	in routine datamemory line 18 in file
		'/users/ugrad/2016/fall/yanjiex/EECS112L/lab-1/design/datamemory.sv'.
===========================================================================
|    Register Name    | Type  | Width | Bus | MB | AR | AS | SR | SS | ST |
===========================================================================
|       rd_reg        | Latch |  32   |  Y  | N  | N  | N  | -  | -  | -  |
===========================================================================

Inferred memory devices in process
	in routine datamemory line 37 in file
		'/users/ugrad/2016/fall/yanjiex/EECS112L/lab-1/design/datamemory.sv'.
===============================================================================
|    Register Name    |   Type    | Width | Bus | MB | AR | AS | SR | SS | ST |
===============================================================================
|       mem_reg       | Flip-flop |  32   |  Y  | N  | N  | N  | N  | N  | N  |
|       mem_reg       | Flip-flop |  32   |  Y  | N  | N  | N  | N  | N  | N  |
|       mem_reg       | Flip-flop |  32   |  Y  | N  | N  | N  | N  | N  | N  |
|       mem_reg       | Flip-flop |  32   |  Y  | N  | N  | N  | N  | N  | N  |
|       mem_reg       | Flip-flop |  32   |  Y  | N  | N  | N  | N  | N  | N  |
|       mem_reg       | Flip-flop |  32   |  Y  | N  | N  | N  | N  | N  | N  |
|       mem_reg       | Flip-flop |  32   |  Y  | N  | N  | N  | N  | N  | N  |
|       mem_reg       | Flip-flop |  32   |  Y  | N  | N  | N  | N  | N  | N  |
|       mem_reg       | Flip-flop |  32   |  Y  | N  | N  | N  | N  | N  | N  |
|       mem_reg       | Flip-flop |  32   |  Y  | N  | N  | N  | N  | N  | N  |
|       mem_reg       | Flip-flop |  32   |  Y  | N  | N  | N  | N  | N  | N  |
|       mem_reg       | Flip-flop |  32   |  Y  | N  | N  | N  | N  | N  | N  |
|       mem_reg       | Flip-flop |  32   |  Y  | N  | N  | N  | N  | N  | N  |
|       mem_reg       | Flip-flop |  32   |  Y  | N  | N  | N  | N  | N  | N  |
|       mem_reg       | Flip-flop |  32   |  Y  | N  | N  | N  | N  | N  | N  |
|       mem_reg       | Flip-flop |  32   |  Y  | N  | N  | N  | N  | N  | N  |
|       mem_reg       | Flip-flop |  32   |  Y  | N  | N  | N  | N  | N  | N  |
|       mem_reg       | Flip-flop |  32   |  Y  | N  | N  | N  | N  | N  | N  |
|       mem_reg       | Flip-flop |  32   |  Y  | N  | N  | N  | N  | N  | N  |
|       mem_reg       | Flip-flop |  32   |  Y  | N  | N  | N  | N  | N  | N  |
|       mem_reg       | Flip-flop |  32   |  Y  | N  | N  | N  | N  | N  | N  |
|       mem_reg       | Flip-flop |  32   |  Y  | N  | N  | N  | N  | N  | N  |
|       mem_reg       | Flip-flop |  32   |  Y  | N  | N  | N  | N  | N  | N  |
|       mem_reg       | Flip-flop |  32   |  Y  | N  | N  | N  | N  | N  | N  |
|       mem_reg       | Flip-flop |  32   |  Y  | N  | N  | N  | N  | N  | N  |
|       mem_reg       | Flip-flop |  32   |  Y  | N  | N  | N  | N  | N  | N  |
|       mem_reg       | Flip-flop |  32   |  Y  | N  | N  | N  | N  | N  | N  |
|       mem_reg       | Flip-flop |  32   |  Y  | N  | N  | N  | N  | N  | N  |
|       mem_reg       | Flip-flop |  32   |  Y  | N  | N  | N  | N  | N  | N  |
|       mem_reg       | Flip-flop |  32   |  Y  | N  | N  | N  | N  | N  | N  |
|       mem_reg       | Flip-flop |  32   |  Y  | N  | N  | N  | N  | N  | N  |
|       mem_reg       | Flip-flop |  32   |  Y  | N  | N  | N  | N  | N  | N  |
|       mem_reg       | Flip-flop |  32   |  Y  | N  | N  | N  | N  | N  | N  |
|       mem_reg       | Flip-flop |  32   |  Y  | N  | N  | N  | N  | N  | N  |
|       mem_reg       | Flip-flop |  32   |  Y  | N  | N  | N  | N  | N  | N  |
|       mem_reg       | Flip-flop |  32   |  Y  | N  | N  | N  | N  | N  | N  |
|       mem_reg       | Flip-flop |  32   |  Y  | N  | N  | N  | N  | N  | N  |
|       mem_reg       | Flip-flop |  32   |  Y  | N  | N  | N  | N  | N  | N  |
|       mem_reg       | Flip-flop |  32   |  Y  | N  | N  | N  | N  | N  | N  |
|       mem_reg       | Flip-flop |  32   |  Y  | N  | N  | N  | N  | N  | N  |
|       mem_reg       | Flip-flop |  32   |  Y  | N  | N  | N  | N  | N  | N  |
|       mem_reg       | Flip-flop |  32   |  Y  | N  | N  | N  | N  | N  | N  |
|       mem_reg       | Flip-flop |  32   |  Y  | N  | N  | N  | N  | N  | N  |
|       mem_reg       | Flip-flop |  32   |  Y  | N  | N  | N  | N  | N  | N  |
|       mem_reg       | Flip-flop |  32   |  Y  | N  | N  | N  | N  | N  | N  |
|       mem_reg       | Flip-flop |  32   |  Y  | N  | N  | N  | N  | N  | N  |
|       mem_reg       | Flip-flop |  32   |  Y  | N  | N  | N  | N  | N  | N  |
|       mem_reg       | Flip-flop |  32   |  Y  | N  | N  | N  | N  | N  | N  |
|       mem_reg       | Flip-flop |  32   |  Y  | N  | N  | N  | N  | N  | N  |
|       mem_reg       | Flip-flop |  32   |  Y  | N  | N  | N  | N  | N  | N  |
|       mem_reg       | Flip-flop |  32   |  Y  | N  | N  | N  | N  | N  | N  |
|       mem_reg       | Flip-flop |  32   |  Y  | N  | N  | N  | N  | N  | N  |
|       mem_reg       | Flip-flop |  32   |  Y  | N  | N  | N  | N  | N  | N  |
|       mem_reg       | Flip-flop |  32   |  Y  | N  | N  | N  | N  | N  | N  |
|       mem_reg       | Flip-flop |  32   |  Y  | N  | N  | N  | N  | N  | N  |
|       mem_reg       | Flip-flop |  32   |  Y  | N  | N  | N  | N  | N  | N  |
|       mem_reg       | Flip-flop |  32   |  Y  | N  | N  | N  | N  | N  | N  |
|       mem_reg       | Flip-flop |  32   |  Y  | N  | N  | N  | N  | N  | N  |
|       mem_reg       | Flip-flop |  32   |  Y  | N  | N  | N  | N  | N  | N  |
|       mem_reg       | Flip-flop |  32   |  Y  | N  | N  | N  | N  | N  | N  |
|       mem_reg       | Flip-flop |  32   |  Y  | N  | N  | N  | N  | N  | N  |
|       mem_reg       | Flip-flop |  32   |  Y  | N  | N  | N  | N  | N  | N  |
|       mem_reg       | Flip-flop |  32   |  Y  | N  | N  | N  | N  | N  | N  |
|       mem_reg       | Flip-flop |  32   |  Y  | N  | N  | N  | N  | N  | N  |
|       mem_reg       | Flip-flop |  32   |  Y  | N  | N  | N  | N  | N  | N  |
|       mem_reg       | Flip-flop |  32   |  Y  | N  | N  | N  | N  | N  | N  |
|       mem_reg       | Flip-flop |  32   |  Y  | N  | N  | N  | N  | N  | N  |
|       mem_reg       | Flip-flop |  32   |  Y  | N  | N  | N  | N  | N  | N  |
|       mem_reg       | Flip-flop |  32   |  Y  | N  | N  | N  | N  | N  | N  |
|       mem_reg       | Flip-flop |  32   |  Y  | N  | N  | N  | N  | N  | N  |
|       mem_reg       | Flip-flop |  32   |  Y  | N  | N  | N  | N  | N  | N  |
|       mem_reg       | Flip-flop |  32   |  Y  | N  | N  | N  | N  | N  | N  |
|       mem_reg       | Flip-flop |  32   |  Y  | N  | N  | N  | N  | N  | N  |
|       mem_reg       | Flip-flop |  32   |  Y  | N  | N  | N  | N  | N  | N  |
|       mem_reg       | Flip-flop |  32   |  Y  | N  | N  | N  | N  | N  | N  |
|       mem_reg       | Flip-flop |  32   |  Y  | N  | N  | N  | N  | N  | N  |
|       mem_reg       | Flip-flop |  32   |  Y  | N  | N  | N  | N  | N  | N  |
|       mem_reg       | Flip-flop |  32   |  Y  | N  | N  | N  | N  | N  | N  |
|       mem_reg       | Flip-flop |  32   |  Y  | N  | N  | N  | N  | N  | N  |
|       mem_reg       | Flip-flop |  32   |  Y  | N  | N  | N  | N  | N  | N  |
|       mem_reg       | Flip-flop |  32   |  Y  | N  | N  | N  | N  | N  | N  |
|       mem_reg       | Flip-flop |  32   |  Y  | N  | N  | N  | N  | N  | N  |
|       mem_reg       | Flip-flop |  32   |  Y  | N  | N  | N  | N  | N  | N  |
|       mem_reg       | Flip-flop |  32   |  Y  | N  | N  | N  | N  | N  | N  |
|       mem_reg       | Flip-flop |  32   |  Y  | N  | N  | N  | N  | N  | N  |
|       mem_reg       | Flip-flop |  32   |  Y  | N  | N  | N  | N  | N  | N  |
|       mem_reg       | Flip-flop |  32   |  Y  | N  | N  | N  | N  | N  | N  |
|       mem_reg       | Flip-flop |  32   |  Y  | N  | N  | N  | N  | N  | N  |
|       mem_reg       | Flip-flop |  32   |  Y  | N  | N  | N  | N  | N  | N  |
|       mem_reg       | Flip-flop |  32   |  Y  | N  | N  | N  | N  | N  | N  |
|       mem_reg       | Flip-flop |  32   |  Y  | N  | N  | N  | N  | N  | N  |
|       mem_reg       | Flip-flop |  32   |  Y  | N  | N  | N  | N  | N  | N  |
|       mem_reg       | Flip-flop |  32   |  Y  | N  | N  | N  | N  | N  | N  |
|       mem_reg       | Flip-flop |  32   |  Y  | N  | N  | N  | N  | N  | N  |
|       mem_reg       | Flip-flop |  32   |  Y  | N  | N  | N  | N  | N  | N  |
|       mem_reg       | Flip-flop |  32   |  Y  | N  | N  | N  | N  | N  | N  |
|       mem_reg       | Flip-flop |  32   |  Y  | N  | N  | N  | N  | N  | N  |
|       mem_reg       | Flip-flop |  32   |  Y  | N  | N  | N  | N  | N  | N  |
|       mem_reg       | Flip-flop |  32   |  Y  | N  | N  | N  | N  | N  | N  |
|       mem_reg       | Flip-flop |  32   |  Y  | N  | N  | N  | N  | N  | N  |
|       mem_reg       | Flip-flop |  32   |  Y  | N  | N  | N  | N  | N  | N  |
|       mem_reg       | Flip-flop |  32   |  Y  | N  | N  | N  | N  | N  | N  |
|       mem_reg       | Flip-flop |  32   |  Y  | N  | N  | N  | N  | N  | N  |
|       mem_reg       | Flip-flop |  32   |  Y  | N  | N  | N  | N  | N  | N  |
|       mem_reg       | Flip-flop |  32   |  Y  | N  | N  | N  | N  | N  | N  |
|       mem_reg       | Flip-flop |  32   |  Y  | N  | N  | N  | N  | N  | N  |
|       mem_reg       | Flip-flop |  32   |  Y  | N  | N  | N  | N  | N  | N  |
|       mem_reg       | Flip-flop |  32   |  Y  | N  | N  | N  | N  | N  | N  |
|       mem_reg       | Flip-flop |  32   |  Y  | N  | N  | N  | N  | N  | N  |
|       mem_reg       | Flip-flop |  32   |  Y  | N  | N  | N  | N  | N  | N  |
|       mem_reg       | Flip-flop |  32   |  Y  | N  | N  | N  | N  | N  | N  |
|       mem_reg       | Flip-flop |  32   |  Y  | N  | N  | N  | N  | N  | N  |
|       mem_reg       | Flip-flop |  32   |  Y  | N  | N  | N  | N  | N  | N  |
|       mem_reg       | Flip-flop |  32   |  Y  | N  | N  | N  | N  | N  | N  |
|       mem_reg       | Flip-flop |  32   |  Y  | N  | N  | N  | N  | N  | N  |
|       mem_reg       | Flip-flop |  32   |  Y  | N  | N  | N  | N  | N  | N  |
|       mem_reg       | Flip-flop |  32   |  Y  | N  | N  | N  | N  | N  | N  |
|       mem_reg       | Flip-flop |  32   |  Y  | N  | N  | N  | N  | N  | N  |
|       mem_reg       | Flip-flop |  32   |  Y  | N  | N  | N  | N  | N  | N  |
|       mem_reg       | Flip-flop |  32   |  Y  | N  | N  | N  | N  | N  | N  |
|       mem_reg       | Flip-flop |  32   |  Y  | N  | N  | N  | N  | N  | N  |
|       mem_reg       | Flip-flop |  32   |  Y  | N  | N  | N  | N  | N  | N  |
|       mem_reg       | Flip-flop |  32   |  Y  | N  | N  | N  | N  | N  | N  |
|       mem_reg       | Flip-flop |  32   |  Y  | N  | N  | N  | N  | N  | N  |
|       mem_reg       | Flip-flop |  32   |  Y  | N  | N  | N  | N  | N  | N  |
|       mem_reg       | Flip-flop |  32   |  Y  | N  | N  | N  | N  | N  | N  |
|       mem_reg       | Flip-flop |  32   |  Y  | N  | N  | N  | N  | N  | N  |
|       mem_reg       | Flip-flop |  32   |  Y  | N  | N  | N  | N  | N  | N  |
|       mem_reg       | Flip-flop |  32   |  Y  | N  | N  | N  | N  | N  | N  |
|       mem_reg       | Flip-flop |  32   |  Y  | N  | N  | N  | N  | N  | N  |
|       mem_reg       | Flip-flop |  32   |  Y  | N  | N  | N  | N  | N  | N  |
|       mem_reg       | Flip-flop |  32   |  Y  | N  | N  | N  | N  | N  | N  |
|       mem_reg       | Flip-flop |  32   |  Y  | N  | N  | N  | N  | N  | N  |
|       mem_reg       | Flip-flop |  32   |  Y  | N  | N  | N  | N  | N  | N  |
|       mem_reg       | Flip-flop |  32   |  Y  | N  | N  | N  | N  | N  | N  |
|       mem_reg       | Flip-flop |  32   |  Y  | N  | N  | N  | N  | N  | N  |
|       mem_reg       | Flip-flop |  32   |  Y  | N  | N  | N  | N  | N  | N  |
|       mem_reg       | Flip-flop |  32   |  Y  | N  | N  | N  | N  | N  | N  |
|       mem_reg       | Flip-flop |  32   |  Y  | N  | N  | N  | N  | N  | N  |
|       mem_reg       | Flip-flop |  32   |  Y  | N  | N  | N  | N  | N  | N  |
|       mem_reg       | Flip-flop |  32   |  Y  | N  | N  | N  | N  | N  | N  |
|       mem_reg       | Flip-flop |  32   |  Y  | N  | N  | N  | N  | N  | N  |
|       mem_reg       | Flip-flop |  32   |  Y  | N  | N  | N  | N  | N  | N  |
|       mem_reg       | Flip-flop |  32   |  Y  | N  | N  | N  | N  | N  | N  |
|       mem_reg       | Flip-flop |  32   |  Y  | N  | N  | N  | N  | N  | N  |
|       mem_reg       | Flip-flop |  32   |  Y  | N  | N  | N  | N  | N  | N  |
|       mem_reg       | Flip-flop |  32   |  Y  | N  | N  | N  | N  | N  | N  |
|       mem_reg       | Flip-flop |  32   |  Y  | N  | N  | N  | N  | N  | N  |
|       mem_reg       | Flip-flop |  32   |  Y  | N  | N  | N  | N  | N  | N  |
|       mem_reg       | Flip-flop |  32   |  Y  | N  | N  | N  | N  | N  | N  |
|       mem_reg       | Flip-flop |  32   |  Y  | N  | N  | N  | N  | N  | N  |
|       mem_reg       | Flip-flop |  32   |  Y  | N  | N  | N  | N  | N  | N  |
|       mem_reg       | Flip-flop |  32   |  Y  | N  | N  | N  | N  | N  | N  |
|       mem_reg       | Flip-flop |  32   |  Y  | N  | N  | N  | N  | N  | N  |
|       mem_reg       | Flip-flop |  32   |  Y  | N  | N  | N  | N  | N  | N  |
|       mem_reg       | Flip-flop |  32   |  Y  | N  | N  | N  | N  | N  | N  |
|       mem_reg       | Flip-flop |  32   |  Y  | N  | N  | N  | N  | N  | N  |
|       mem_reg       | Flip-flop |  32   |  Y  | N  | N  | N  | N  | N  | N  |
|       mem_reg       | Flip-flop |  32   |  Y  | N  | N  | N  | N  | N  | N  |
|       mem_reg       | Flip-flop |  32   |  Y  | N  | N  | N  | N  | N  | N  |
|       mem_reg       | Flip-flop |  32   |  Y  | N  | N  | N  | N  | N  | N  |
|       mem_reg       | Flip-flop |  32   |  Y  | N  | N  | N  | N  | N  | N  |
|       mem_reg       | Flip-flop |  32   |  Y  | N  | N  | N  | N  | N  | N  |
|       mem_reg       | Flip-flop |  32   |  Y  | N  | N  | N  | N  | N  | N  |
|       mem_reg       | Flip-flop |  32   |  Y  | N  | N  | N  | N  | N  | N  |
|       mem_reg       | Flip-flop |  32   |  Y  | N  | N  | N  | N  | N  | N  |
|       mem_reg       | Flip-flop |  32   |  Y  | N  | N  | N  | N  | N  | N  |
|       mem_reg       | Flip-flop |  32   |  Y  | N  | N  | N  | N  | N  | N  |
|       mem_reg       | Flip-flop |  32   |  Y  | N  | N  | N  | N  | N  | N  |
|       mem_reg       | Flip-flop |  32   |  Y  | N  | N  | N  | N  | N  | N  |
|       mem_reg       | Flip-flop |  32   |  Y  | N  | N  | N  | N  | N  | N  |
|       mem_reg       | Flip-flop |  32   |  Y  | N  | N  | N  | N  | N  | N  |
|       mem_reg       | Flip-flop |  32   |  Y  | N  | N  | N  | N  | N  | N  |
|       mem_reg       | Flip-flop |  32   |  Y  | N  | N  | N  | N  | N  | N  |
|       mem_reg       | Flip-flop |  32   |  Y  | N  | N  | N  | N  | N  | N  |
|       mem_reg       | Flip-flop |  32   |  Y  | N  | N  | N  | N  | N  | N  |
|       mem_reg       | Flip-flop |  32   |  Y  | N  | N  | N  | N  | N  | N  |
|       mem_reg       | Flip-flop |  32   |  Y  | N  | N  | N  | N  | N  | N  |
|       mem_reg       | Flip-flop |  32   |  Y  | N  | N  | N  | N  | N  | N  |
|       mem_reg       | Flip-flop |  32   |  Y  | N  | N  | N  | N  | N  | N  |
|       mem_reg       | Flip-flop |  32   |  Y  | N  | N  | N  | N  | N  | N  |
|       mem_reg       | Flip-flop |  32   |  Y  | N  | N  | N  | N  | N  | N  |
|       mem_reg       | Flip-flop |  32   |  Y  | N  | N  | N  | N  | N  | N  |
|       mem_reg       | Flip-flop |  32   |  Y  | N  | N  | N  | N  | N  | N  |
|       mem_reg       | Flip-flop |  32   |  Y  | N  | N  | N  | N  | N  | N  |
|       mem_reg       | Flip-flop |  32   |  Y  | N  | N  | N  | N  | N  | N  |
|       mem_reg       | Flip-flop |  32   |  Y  | N  | N  | N  | N  | N  | N  |
|       mem_reg       | Flip-flop |  32   |  Y  | N  | N  | N  | N  | N  | N  |
|       mem_reg       | Flip-flop |  32   |  Y  | N  | N  | N  | N  | N  | N  |
|       mem_reg       | Flip-flop |  32   |  Y  | N  | N  | N  | N  | N  | N  |
|       mem_reg       | Flip-flop |  32   |  Y  | N  | N  | N  | N  | N  | N  |
|       mem_reg       | Flip-flop |  32   |  Y  | N  | N  | N  | N  | N  | N  |
|       mem_reg       | Flip-flop |  32   |  Y  | N  | N  | N  | N  | N  | N  |
|       mem_reg       | Flip-flop |  32   |  Y  | N  | N  | N  | N  | N  | N  |
|       mem_reg       | Flip-flop |  32   |  Y  | N  | N  | N  | N  | N  | N  |
|       mem_reg       | Flip-flop |  32   |  Y  | N  | N  | N  | N  | N  | N  |
|       mem_reg       | Flip-flop |  32   |  Y  | N  | N  | N  | N  | N  | N  |
|       mem_reg       | Flip-flop |  32   |  Y  | N  | N  | N  | N  | N  | N  |
|       mem_reg       | Flip-flop |  32   |  Y  | N  | N  | N  | N  | N  | N  |
|       mem_reg       | Flip-flop |  32   |  Y  | N  | N  | N  | N  | N  | N  |
|       mem_reg       | Flip-flop |  32   |  Y  | N  | N  | N  | N  | N  | N  |
|       mem_reg       | Flip-flop |  32   |  Y  | N  | N  | N  | N  | N  | N  |
|       mem_reg       | Flip-flop |  32   |  Y  | N  | N  | N  | N  | N  | N  |
|       mem_reg       | Flip-flop |  32   |  Y  | N  | N  | N  | N  | N  | N  |
|       mem_reg       | Flip-flop |  32   |  Y  | N  | N  | N  | N  | N  | N  |
|       mem_reg       | Flip-flop |  32   |  Y  | N  | N  | N  | N  | N  | N  |
|       mem_reg       | Flip-flop |  32   |  Y  | N  | N  | N  | N  | N  | N  |
|       mem_reg       | Flip-flop |  32   |  Y  | N  | N  | N  | N  | N  | N  |
|       mem_reg       | Flip-flop |  32   |  Y  | N  | N  | N  | N  | N  | N  |
|       mem_reg       | Flip-flop |  32   |  Y  | N  | N  | N  | N  | N  | N  |
|       mem_reg       | Flip-flop |  32   |  Y  | N  | N  | N  | N  | N  | N  |
|       mem_reg       | Flip-flop |  32   |  Y  | N  | N  | N  | N  | N  | N  |
|       mem_reg       | Flip-flop |  32   |  Y  | N  | N  | N  | N  | N  | N  |
|       mem_reg       | Flip-flop |  32   |  Y  | N  | N  | N  | N  | N  | N  |
|       mem_reg       | Flip-flop |  32   |  Y  | N  | N  | N  | N  | N  | N  |
|       mem_reg       | Flip-flop |  32   |  Y  | N  | N  | N  | N  | N  | N  |
|       mem_reg       | Flip-flop |  32   |  Y  | N  | N  | N  | N  | N  | N  |
|       mem_reg       | Flip-flop |  32   |  Y  | N  | N  | N  | N  | N  | N  |
|       mem_reg       | Flip-flop |  32   |  Y  | N  | N  | N  | N  | N  | N  |
|       mem_reg       | Flip-flop |  32   |  Y  | N  | N  | N  | N  | N  | N  |
|       mem_reg       | Flip-flop |  32   |  Y  | N  | N  | N  | N  | N  | N  |
|       mem_reg       | Flip-flop |  32   |  Y  | N  | N  | N  | N  | N  | N  |
|       mem_reg       | Flip-flop |  32   |  Y  | N  | N  | N  | N  | N  | N  |
|       mem_reg       | Flip-flop |  32   |  Y  | N  | N  | N  | N  | N  | N  |
|       mem_reg       | Flip-flop |  32   |  Y  | N  | N  | N  | N  | N  | N  |
|       mem_reg       | Flip-flop |  32   |  Y  | N  | N  | N  | N  | N  | N  |
|       mem_reg       | Flip-flop |  32   |  Y  | N  | N  | N  | N  | N  | N  |
|       mem_reg       | Flip-flop |  32   |  Y  | N  | N  | N  | N  | N  | N  |
|       mem_reg       | Flip-flop |  32   |  Y  | N  | N  | N  | N  | N  | N  |
|       mem_reg       | Flip-flop |  32   |  Y  | N  | N  | N  | N  | N  | N  |
|       mem_reg       | Flip-flop |  32   |  Y  | N  | N  | N  | N  | N  | N  |
|       mem_reg       | Flip-flop |  32   |  Y  | N  | N  | N  | N  | N  | N  |
|       mem_reg       | Flip-flop |  32   |  Y  | N  | N  | N  | N  | N  | N  |
|       mem_reg       | Flip-flop |  32   |  Y  | N  | N  | N  | N  | N  | N  |
|       mem_reg       | Flip-flop |  32   |  Y  | N  | N  | N  | N  | N  | N  |
|       mem_reg       | Flip-flop |  32   |  Y  | N  | N  | N  | N  | N  | N  |
|       mem_reg       | Flip-flop |  32   |  Y  | N  | N  | N  | N  | N  | N  |
|       mem_reg       | Flip-flop |  32   |  Y  | N  | N  | N  | N  | N  | N  |
|       mem_reg       | Flip-flop |  32   |  Y  | N  | N  | N  | N  | N  | N  |
|       mem_reg       | Flip-flop |  32   |  Y  | N  | N  | N  | N  | N  | N  |
|       mem_reg       | Flip-flop |  32   |  Y  | N  | N  | N  | N  | N  | N  |
|       mem_reg       | Flip-flop |  32   |  Y  | N  | N  | N  | N  | N  | N  |
|       mem_reg       | Flip-flop |  32   |  Y  | N  | N  | N  | N  | N  | N  |
|       mem_reg       | Flip-flop |  32   |  Y  | N  | N  | N  | N  | N  | N  |
|       mem_reg       | Flip-flop |  32   |  Y  | N  | N  | N  | N  | N  | N  |
|       mem_reg       | Flip-flop |  32   |  Y  | N  | N  | N  | N  | N  | N  |
|       mem_reg       | Flip-flop |  32   |  Y  | N  | N  | N  | N  | N  | N  |
|       mem_reg       | Flip-flop |  32   |  Y  | N  | N  | N  | N  | N  | N  |
|       mem_reg       | Flip-flop |  32   |  Y  | N  | N  | N  | N  | N  | N  |
|       mem_reg       | Flip-flop |  32   |  Y  | N  | N  | N  | N  | N  | N  |
|       mem_reg       | Flip-flop |  32   |  Y  | N  | N  | N  | N  | N  | N  |
|       mem_reg       | Flip-flop |  32   |  Y  | N  | N  | N  | N  | N  | N  |
|       mem_reg       | Flip-flop |  32   |  Y  | N  | N  | N  | N  | N  | N  |
|       mem_reg       | Flip-flop |  32   |  Y  | N  | N  | N  | N  | N  | N  |
|       mem_reg       | Flip-flop |  32   |  Y  | N  | N  | N  | N  | N  | N  |
|       mem_reg       | Flip-flop |  32   |  Y  | N  | N  | N  | N  | N  | N  |
|       mem_reg       | Flip-flop |  32   |  Y  | N  | N  | N  | N  | N  | N  |
|       mem_reg       | Flip-flop |  32   |  Y  | N  | N  | N  | N  | N  | N  |
|       mem_reg       | Flip-flop |  32   |  Y  | N  | N  | N  | N  | N  | N  |
|       mem_reg       | Flip-flop |  32   |  Y  | N  | N  | N  | N  | N  | N  |
|       mem_reg       | Flip-flop |  32   |  Y  | N  | N  | N  | N  | N  | N  |
|       mem_reg       | Flip-flop |  32   |  Y  | N  | N  | N  | N  | N  | N  |
|       mem_reg       | Flip-flop |  32   |  Y  | N  | N  | N  | N  | N  | N  |
|       mem_reg       | Flip-flop |  32   |  Y  | N  | N  | N  | N  | N  | N  |
|       mem_reg       | Flip-flop |  32   |  Y  | N  | N  | N  | N  | N  | N  |
|       mem_reg       | Flip-flop |  32   |  Y  | N  | N  | N  | N  | N  | N  |
|       mem_reg       | Flip-flop |  32   |  Y  | N  | N  | N  | N  | N  | N  |
|       mem_reg       | Flip-flop |  32   |  Y  | N  | N  | N  | N  | N  | N  |
|       mem_reg       | Flip-flop |  32   |  Y  | N  | N  | N  | N  | N  | N  |
|       mem_reg       | Flip-flop |  32   |  Y  | N  | N  | N  | N  | N  | N  |
|       mem_reg       | Flip-flop |  32   |  Y  | N  | N  | N  | N  | N  | N  |
|       mem_reg       | Flip-flop |  32   |  Y  | N  | N  | N  | N  | N  | N  |
|       mem_reg       | Flip-flop |  32   |  Y  | N  | N  | N  | N  | N  | N  |
|       mem_reg       | Flip-flop |  32   |  Y  | N  | N  | N  | N  | N  | N  |
|       mem_reg       | Flip-flop |  32   |  Y  | N  | N  | N  | N  | N  | N  |
|       mem_reg       | Flip-flop |  32   |  Y  | N  | N  | N  | N  | N  | N  |
|       mem_reg       | Flip-flop |  32   |  Y  | N  | N  | N  | N  | N  | N  |
|       mem_reg       | Flip-flop |  32   |  Y  | N  | N  | N  | N  | N  | N  |
|       mem_reg       | Flip-flop |  32   |  Y  | N  | N  | N  | N  | N  | N  |
|       mem_reg       | Flip-flop |  32   |  Y  | N  | N  | N  | N  | N  | N  |
|       mem_reg       | Flip-flop |  32   |  Y  | N  | N  | N  | N  | N  | N  |
|       mem_reg       | Flip-flop |  32   |  Y  | N  | N  | N  | N  | N  | N  |
|       mem_reg       | Flip-flop |  32   |  Y  | N  | N  | N  | N  | N  | N  |
|       mem_reg       | Flip-flop |  32   |  Y  | N  | N  | N  | N  | N  | N  |
|       mem_reg       | Flip-flop |  32   |  Y  | N  | N  | N  | N  | N  | N  |
|       mem_reg       | Flip-flop |  32   |  Y  | N  | N  | N  | N  | N  | N  |
|       mem_reg       | Flip-flop |  32   |  Y  | N  | N  | N  | N  | N  | N  |
|       mem_reg       | Flip-flop |  32   |  Y  | N  | N  | N  | N  | N  | N  |
|       mem_reg       | Flip-flop |  32   |  Y  | N  | N  | N  | N  | N  | N  |
|       mem_reg       | Flip-flop |  32   |  Y  | N  | N  | N  | N  | N  | N  |
|       mem_reg       | Flip-flop |  32   |  Y  | N  | N  | N  | N  | N  | N  |
|       mem_reg       | Flip-flop |  32   |  Y  | N  | N  | N  | N  | N  | N  |
|       mem_reg       | Flip-flop |  32   |  Y  | N  | N  | N  | N  | N  | N  |
|       mem_reg       | Flip-flop |  32   |  Y  | N  | N  | N  | N  | N  | N  |
|       mem_reg       | Flip-flop |  32   |  Y  | N  | N  | N  | N  | N  | N  |
|       mem_reg       | Flip-flop |  32   |  Y  | N  | N  | N  | N  | N  | N  |
|       mem_reg       | Flip-flop |  32   |  Y  | N  | N  | N  | N  | N  | N  |
|       mem_reg       | Flip-flop |  32   |  Y  | N  | N  | N  | N  | N  | N  |
|       mem_reg       | Flip-flop |  32   |  Y  | N  | N  | N  | N  | N  | N  |
|       mem_reg       | Flip-flop |  32   |  Y  | N  | N  | N  | N  | N  | N  |
|       mem_reg       | Flip-flop |  32   |  Y  | N  | N  | N  | N  | N  | N  |
|       mem_reg       | Flip-flop |  32   |  Y  | N  | N  | N  | N  | N  | N  |
|       mem_reg       | Flip-flop |  32   |  Y  | N  | N  | N  | N  | N  | N  |
|       mem_reg       | Flip-flop |  32   |  Y  | N  | N  | N  | N  | N  | N  |
|       mem_reg       | Flip-flop |  32   |  Y  | N  | N  | N  | N  | N  | N  |
|       mem_reg       | Flip-flop |  32   |  Y  | N  | N  | N  | N  | N  | N  |
|       mem_reg       | Flip-flop |  32   |  Y  | N  | N  | N  | N  | N  | N  |
|       mem_reg       | Flip-flop |  32   |  Y  | N  | N  | N  | N  | N  | N  |
|       mem_reg       | Flip-flop |  32   |  Y  | N  | N  | N  | N  | N  | N  |
|       mem_reg       | Flip-flop |  32   |  Y  | N  | N  | N  | N  | N  | N  |
|       mem_reg       | Flip-flop |  32   |  Y  | N  | N  | N  | N  | N  | N  |
|       mem_reg       | Flip-flop |  32   |  Y  | N  | N  | N  | N  | N  | N  |
|       mem_reg       | Flip-flop |  32   |  Y  | N  | N  | N  | N  | N  | N  |
|       mem_reg       | Flip-flop |  32   |  Y  | N  | N  | N  | N  | N  | N  |
|       mem_reg       | Flip-flop |  32   |  Y  | N  | N  | N  | N  | N  | N  |
|       mem_reg       | Flip-flop |  32   |  Y  | N  | N  | N  | N  | N  | N  |
|       mem_reg       | Flip-flop |  32   |  Y  | N  | N  | N  | N  | N  | N  |
|       mem_reg       | Flip-flop |  32   |  Y  | N  | N  | N  | N  | N  | N  |
|       mem_reg       | Flip-flop |  32   |  Y  | N  | N  | N  | N  | N  | N  |
|       mem_reg       | Flip-flop |  32   |  Y  | N  | N  | N  | N  | N  | N  |
|       mem_reg       | Flip-flop |  32   |  Y  | N  | N  | N  | N  | N  | N  |
|       mem_reg       | Flip-flop |  32   |  Y  | N  | N  | N  | N  | N  | N  |
|       mem_reg       | Flip-flop |  32   |  Y  | N  | N  | N  | N  | N  | N  |
|       mem_reg       | Flip-flop |  32   |  Y  | N  | N  | N  | N  | N  | N  |
|       mem_reg       | Flip-flop |  32   |  Y  | N  | N  | N  | N  | N  | N  |
|       mem_reg       | Flip-flop |  32   |  Y  | N  | N  | N  | N  | N  | N  |
|       mem_reg       | Flip-flop |  32   |  Y  | N  | N  | N  | N  | N  | N  |
|       mem_reg       | Flip-flop |  32   |  Y  | N  | N  | N  | N  | N  | N  |
|       mem_reg       | Flip-flop |  32   |  Y  | N  | N  | N  | N  | N  | N  |
|       mem_reg       | Flip-flop |  32   |  Y  | N  | N  | N  | N  | N  | N  |
|       mem_reg       | Flip-flop |  32   |  Y  | N  | N  | N  | N  | N  | N  |
|       mem_reg       | Flip-flop |  32   |  Y  | N  | N  | N  | N  | N  | N  |
|       mem_reg       | Flip-flop |  32   |  Y  | N  | N  | N  | N  | N  | N  |
|       mem_reg       | Flip-flop |  32   |  Y  | N  | N  | N  | N  | N  | N  |
|       mem_reg       | Flip-flop |  32   |  Y  | N  | N  | N  | N  | N  | N  |
|       mem_reg       | Flip-flop |  32   |  Y  | N  | N  | N  | N  | N  | N  |
|       mem_reg       | Flip-flop |  32   |  Y  | N  | N  | N  | N  | N  | N  |
|       mem_reg       | Flip-flop |  32   |  Y  | N  | N  | N  | N  | N  | N  |
|       mem_reg       | Flip-flop |  32   |  Y  | N  | N  | N  | N  | N  | N  |
|       mem_reg       | Flip-flop |  32   |  Y  | N  | N  | N  | N  | N  | N  |
|       mem_reg       | Flip-flop |  32   |  Y  | N  | N  | N  | N  | N  | N  |
|       mem_reg       | Flip-flop |  32   |  Y  | N  | N  | N  | N  | N  | N  |
|       mem_reg       | Flip-flop |  32   |  Y  | N  | N  | N  | N  | N  | N  |
|       mem_reg       | Flip-flop |  32   |  Y  | N  | N  | N  | N  | N  | N  |
|       mem_reg       | Flip-flop |  32   |  Y  | N  | N  | N  | N  | N  | N  |
|       mem_reg       | Flip-flop |  32   |  Y  | N  | N  | N  | N  | N  | N  |
|       mem_reg       | Flip-flop |  32   |  Y  | N  | N  | N  | N  | N  | N  |
|       mem_reg       | Flip-flop |  32   |  Y  | N  | N  | N  | N  | N  | N  |
|       mem_reg       | Flip-flop |  32   |  Y  | N  | N  | N  | N  | N  | N  |
|       mem_reg       | Flip-flop |  32   |  Y  | N  | N  | N  | N  | N  | N  |
|       mem_reg       | Flip-flop |  32   |  Y  | N  | N  | N  | N  | N  | N  |
|       mem_reg       | Flip-flop |  32   |  Y  | N  | N  | N  | N  | N  | N  |
|       mem_reg       | Flip-flop |  32   |  Y  | N  | N  | N  | N  | N  | N  |
|       mem_reg       | Flip-flop |  32   |  Y  | N  | N  | N  | N  | N  | N  |
|       mem_reg       | Flip-flop |  32   |  Y  | N  | N  | N  | N  | N  | N  |
|       mem_reg       | Flip-flop |  32   |  Y  | N  | N  | N  | N  | N  | N  |
|       mem_reg       | Flip-flop |  32   |  Y  | N  | N  | N  | N  | N  | N  |
|       mem_reg       | Flip-flop |  32   |  Y  | N  | N  | N  | N  | N  | N  |
|       mem_reg       | Flip-flop |  32   |  Y  | N  | N  | N  | N  | N  | N  |
|       mem_reg       | Flip-flop |  32   |  Y  | N  | N  | N  | N  | N  | N  |
|       mem_reg       | Flip-flop |  32   |  Y  | N  | N  | N  | N  | N  | N  |
|       mem_reg       | Flip-flop |  32   |  Y  | N  | N  | N  | N  | N  | N  |
|       mem_reg       | Flip-flop |  32   |  Y  | N  | N  | N  | N  | N  | N  |
|       mem_reg       | Flip-flop |  32   |  Y  | N  | N  | N  | N  | N  | N  |
|       mem_reg       | Flip-flop |  32   |  Y  | N  | N  | N  | N  | N  | N  |
|       mem_reg       | Flip-flop |  32   |  Y  | N  | N  | N  | N  | N  | N  |
|       mem_reg       | Flip-flop |  32   |  Y  | N  | N  | N  | N  | N  | N  |
|       mem_reg       | Flip-flop |  32   |  Y  | N  | N  | N  | N  | N  | N  |
|       mem_reg       | Flip-flop |  32   |  Y  | N  | N  | N  | N  | N  | N  |
|       mem_reg       | Flip-flop |  32   |  Y  | N  | N  | N  | N  | N  | N  |
|       mem_reg       | Flip-flop |  32   |  Y  | N  | N  | N  | N  | N  | N  |
|       mem_reg       | Flip-flop |  32   |  Y  | N  | N  | N  | N  | N  | N  |
|       mem_reg       | Flip-flop |  32   |  Y  | N  | N  | N  | N  | N  | N  |
|       mem_reg       | Flip-flop |  32   |  Y  | N  | N  | N  | N  | N  | N  |
|       mem_reg       | Flip-flop |  32   |  Y  | N  | N  | N  | N  | N  | N  |
|       mem_reg       | Flip-flop |  32   |  Y  | N  | N  | N  | N  | N  | N  |
|       mem_reg       | Flip-flop |  32   |  Y  | N  | N  | N  | N  | N  | N  |
|       mem_reg       | Flip-flop |  32   |  Y  | N  | N  | N  | N  | N  | N  |
|       mem_reg       | Flip-flop |  32   |  Y  | N  | N  | N  | N  | N  | N  |
|       mem_reg       | Flip-flop |  32   |  Y  | N  | N  | N  | N  | N  | N  |
|       mem_reg       | Flip-flop |  32   |  Y  | N  | N  | N  | N  | N  | N  |
|       mem_reg       | Flip-flop |  32   |  Y  | N  | N  | N  | N  | N  | N  |
|       mem_reg       | Flip-flop |  32   |  Y  | N  | N  | N  | N  | N  | N  |
|       mem_reg       | Flip-flop |  32   |  Y  | N  | N  | N  | N  | N  | N  |
|       mem_reg       | Flip-flop |  32   |  Y  | N  | N  | N  | N  | N  | N  |
|       mem_reg       | Flip-flop |  32   |  Y  | N  | N  | N  | N  | N  | N  |
|       mem_reg       | Flip-flop |  32   |  Y  | N  | N  | N  | N  | N  | N  |
|       mem_reg       | Flip-flop |  32   |  Y  | N  | N  | N  | N  | N  | N  |
|       mem_reg       | Flip-flop |  32   |  Y  | N  | N  | N  | N  | N  | N  |
|       mem_reg       | Flip-flop |  32   |  Y  | N  | N  | N  | N  | N  | N  |
|       mem_reg       | Flip-flop |  32   |  Y  | N  | N  | N  | N  | N  | N  |
|       mem_reg       | Flip-flop |  32   |  Y  | N  | N  | N  | N  | N  | N  |
|       mem_reg       | Flip-flop |  32   |  Y  | N  | N  | N  | N  | N  | N  |
|       mem_reg       | Flip-flop |  32   |  Y  | N  | N  | N  | N  | N  | N  |
|       mem_reg       | Flip-flop |  32   |  Y  | N  | N  | N  | N  | N  | N  |
|       mem_reg       | Flip-flop |  32   |  Y  | N  | N  | N  | N  | N  | N  |
|       mem_reg       | Flip-flop |  32   |  Y  | N  | N  | N  | N  | N  | N  |
|       mem_reg       | Flip-flop |  32   |  Y  | N  | N  | N  | N  | N  | N  |
|       mem_reg       | Flip-flop |  32   |  Y  | N  | N  | N  | N  | N  | N  |
|       mem_reg       | Flip-flop |  32   |  Y  | N  | N  | N  | N  | N  | N  |
|       mem_reg       | Flip-flop |  32   |  Y  | N  | N  | N  | N  | N  | N  |
|       mem_reg       | Flip-flop |  32   |  Y  | N  | N  | N  | N  | N  | N  |
|       mem_reg       | Flip-flop |  32   |  Y  | N  | N  | N  | N  | N  | N  |
|       mem_reg       | Flip-flop |  32   |  Y  | N  | N  | N  | N  | N  | N  |
|       mem_reg       | Flip-flop |  32   |  Y  | N  | N  | N  | N  | N  | N  |
|       mem_reg       | Flip-flop |  32   |  Y  | N  | N  | N  | N  | N  | N  |
|       mem_reg       | Flip-flop |  32   |  Y  | N  | N  | N  | N  | N  | N  |
|       mem_reg       | Flip-flop |  32   |  Y  | N  | N  | N  | N  | N  | N  |
|       mem_reg       | Flip-flop |  32   |  Y  | N  | N  | N  | N  | N  | N  |
|       mem_reg       | Flip-flop |  32   |  Y  | N  | N  | N  | N  | N  | N  |
|       mem_reg       | Flip-flop |  32   |  Y  | N  | N  | N  | N  | N  | N  |
|       mem_reg       | Flip-flop |  32   |  Y  | N  | N  | N  | N  | N  | N  |
|       mem_reg       | Flip-flop |  32   |  Y  | N  | N  | N  | N  | N  | N  |
|       mem_reg       | Flip-flop |  32   |  Y  | N  | N  | N  | N  | N  | N  |
|       mem_reg       | Flip-flop |  32   |  Y  | N  | N  | N  | N  | N  | N  |
|       mem_reg       | Flip-flop |  32   |  Y  | N  | N  | N  | N  | N  | N  |
|       mem_reg       | Flip-flop |  32   |  Y  | N  | N  | N  | N  | N  | N  |
|       mem_reg       | Flip-flop |  32   |  Y  | N  | N  | N  | N  | N  | N  |
|       mem_reg       | Flip-flop |  32   |  Y  | N  | N  | N  | N  | N  | N  |
|       mem_reg       | Flip-flop |  32   |  Y  | N  | N  | N  | N  | N  | N  |
|       mem_reg       | Flip-flop |  32   |  Y  | N  | N  | N  | N  | N  | N  |
|       mem_reg       | Flip-flop |  32   |  Y  | N  | N  | N  | N  | N  | N  |
|       mem_reg       | Flip-flop |  32   |  Y  | N  | N  | N  | N  | N  | N  |
|       mem_reg       | Flip-flop |  32   |  Y  | N  | N  | N  | N  | N  | N  |
|       mem_reg       | Flip-flop |  32   |  Y  | N  | N  | N  | N  | N  | N  |
|       mem_reg       | Flip-flop |  32   |  Y  | N  | N  | N  | N  | N  | N  |
|       mem_reg       | Flip-flop |  32   |  Y  | N  | N  | N  | N  | N  | N  |
|       mem_reg       | Flip-flop |  32   |  Y  | N  | N  | N  | N  | N  | N  |
|       mem_reg       | Flip-flop |  32   |  Y  | N  | N  | N  | N  | N  | N  |
|       mem_reg       | Flip-flop |  32   |  Y  | N  | N  | N  | N  | N  | N  |
|       mem_reg       | Flip-flop |  32   |  Y  | N  | N  | N  | N  | N  | N  |
|       mem_reg       | Flip-flop |  32   |  Y  | N  | N  | N  | N  | N  | N  |
|       mem_reg       | Flip-flop |  32   |  Y  | N  | N  | N  | N  | N  | N  |
|       mem_reg       | Flip-flop |  32   |  Y  | N  | N  | N  | N  | N  | N  |
|       mem_reg       | Flip-flop |  32   |  Y  | N  | N  | N  | N  | N  | N  |
|       mem_reg       | Flip-flop |  32   |  Y  | N  | N  | N  | N  | N  | N  |
|       mem_reg       | Flip-flop |  32   |  Y  | N  | N  | N  | N  | N  | N  |
|       mem_reg       | Flip-flop |  32   |  Y  | N  | N  | N  | N  | N  | N  |
|       mem_reg       | Flip-flop |  32   |  Y  | N  | N  | N  | N  | N  | N  |
|       mem_reg       | Flip-flop |  32   |  Y  | N  | N  | N  | N  | N  | N  |
|       mem_reg       | Flip-flop |  32   |  Y  | N  | N  | N  | N  | N  | N  |
|       mem_reg       | Flip-flop |  32   |  Y  | N  | N  | N  | N  | N  | N  |
|       mem_reg       | Flip-flop |  32   |  Y  | N  | N  | N  | N  | N  | N  |
|       mem_reg       | Flip-flop |  32   |  Y  | N  | N  | N  | N  | N  | N  |
|       mem_reg       | Flip-flop |  32   |  Y  | N  | N  | N  | N  | N  | N  |
|       mem_reg       | Flip-flop |  32   |  Y  | N  | N  | N  | N  | N  | N  |
|       mem_reg       | Flip-flop |  32   |  Y  | N  | N  | N  | N  | N  | N  |
|       mem_reg       | Flip-flop |  32   |  Y  | N  | N  | N  | N  | N  | N  |
|       mem_reg       | Flip-flop |  32   |  Y  | N  | N  | N  | N  | N  | N  |
|       mem_reg       | Flip-flop |  32   |  Y  | N  | N  | N  | N  | N  | N  |
|       mem_reg       | Flip-flop |  32   |  Y  | N  | N  | N  | N  | N  | N  |
|       mem_reg       | Flip-flop |  32   |  Y  | N  | N  | N  | N  | N  | N  |
|       mem_reg       | Flip-flop |  32   |  Y  | N  | N  | N  | N  | N  | N  |
|       mem_reg       | Flip-flop |  32   |  Y  | N  | N  | N  | N  | N  | N  |
|       mem_reg       | Flip-flop |  32   |  Y  | N  | N  | N  | N  | N  | N  |
|       mem_reg       | Flip-flop |  32   |  Y  | N  | N  | N  | N  | N  | N  |
|       mem_reg       | Flip-flop |  32   |  Y  | N  | N  | N  | N  | N  | N  |
|       mem_reg       | Flip-flop |  32   |  Y  | N  | N  | N  | N  | N  | N  |
|       mem_reg       | Flip-flop |  32   |  Y  | N  | N  | N  | N  | N  | N  |
|       mem_reg       | Flip-flop |  32   |  Y  | N  | N  | N  | N  | N  | N  |
|       mem_reg       | Flip-flop |  32   |  Y  | N  | N  | N  | N  | N  | N  |
|       mem_reg       | Flip-flop |  32   |  Y  | N  | N  | N  | N  | N  | N  |
|       mem_reg       | Flip-flop |  32   |  Y  | N  | N  | N  | N  | N  | N  |
|       mem_reg       | Flip-flop |  32   |  Y  | N  | N  | N  | N  | N  | N  |
|       mem_reg       | Flip-flop |  32   |  Y  | N  | N  | N  | N  | N  | N  |
|       mem_reg       | Flip-flop |  32   |  Y  | N  | N  | N  | N  | N  | N  |
|       mem_reg       | Flip-flop |  32   |  Y  | N  | N  | N  | N  | N  | N  |
|       mem_reg       | Flip-flop |  32   |  Y  | N  | N  | N  | N  | N  | N  |
|       mem_reg       | Flip-flop |  32   |  Y  | N  | N  | N  | N  | N  | N  |
|       mem_reg       | Flip-flop |  32   |  Y  | N  | N  | N  | N  | N  | N  |
|       mem_reg       | Flip-flop |  32   |  Y  | N  | N  | N  | N  | N  | N  |
|       mem_reg       | Flip-flop |  32   |  Y  | N  | N  | N  | N  | N  | N  |
|       mem_reg       | Flip-flop |  32   |  Y  | N  | N  | N  | N  | N  | N  |
|       mem_reg       | Flip-flop |  32   |  Y  | N  | N  | N  | N  | N  | N  |
|       mem_reg       | Flip-flop |  32   |  Y  | N  | N  | N  | N  | N  | N  |
|       mem_reg       | Flip-flop |  32   |  Y  | N  | N  | N  | N  | N  | N  |
|       mem_reg       | Flip-flop |  32   |  Y  | N  | N  | N  | N  | N  | N  |
|       mem_reg       | Flip-flop |  32   |  Y  | N  | N  | N  | N  | N  | N  |
|       mem_reg       | Flip-flop |  32   |  Y  | N  | N  | N  | N  | N  | N  |
|       mem_reg       | Flip-flop |  32   |  Y  | N  | N  | N  | N  | N  | N  |
|       mem_reg       | Flip-flop |  32   |  Y  | N  | N  | N  | N  | N  | N  |
|       mem_reg       | Flip-flop |  32   |  Y  | N  | N  | N  | N  | N  | N  |
|       mem_reg       | Flip-flop |  32   |  Y  | N  | N  | N  | N  | N  | N  |
|       mem_reg       | Flip-flop |  32   |  Y  | N  | N  | N  | N  | N  | N  |
|       mem_reg       | Flip-flop |  32   |  Y  | N  | N  | N  | N  | N  | N  |
|       mem_reg       | Flip-flop |  32   |  Y  | N  | N  | N  | N  | N  | N  |
|       mem_reg       | Flip-flop |  32   |  Y  | N  | N  | N  | N  | N  | N  |
|       mem_reg       | Flip-flop |  32   |  Y  | N  | N  | N  | N  | N  | N  |
|       mem_reg       | Flip-flop |  32   |  Y  | N  | N  | N  | N  | N  | N  |
|       mem_reg       | Flip-flop |  32   |  Y  | N  | N  | N  | N  | N  | N  |
|       mem_reg       | Flip-flop |  32   |  Y  | N  | N  | N  | N  | N  | N  |
|       mem_reg       | Flip-flop |  32   |  Y  | N  | N  | N  | N  | N  | N  |
|       mem_reg       | Flip-flop |  32   |  Y  | N  | N  | N  | N  | N  | N  |
|       mem_reg       | Flip-flop |  32   |  Y  | N  | N  | N  | N  | N  | N  |
|       mem_reg       | Flip-flop |  32   |  Y  | N  | N  | N  | N  | N  | N  |
|       mem_reg       | Flip-flop |  32   |  Y  | N  | N  | N  | N  | N  | N  |
|       mem_reg       | Flip-flop |  32   |  Y  | N  | N  | N  | N  | N  | N  |
|       mem_reg       | Flip-flop |  32   |  Y  | N  | N  | N  | N  | N  | N  |
|       mem_reg       | Flip-flop |  32   |  Y  | N  | N  | N  | N  | N  | N  |
|       mem_reg       | Flip-flop |  32   |  Y  | N  | N  | N  | N  | N  | N  |
|       mem_reg       | Flip-flop |  32   |  Y  | N  | N  | N  | N  | N  | N  |
|       mem_reg       | Flip-flop |  32   |  Y  | N  | N  | N  | N  | N  | N  |
|       mem_reg       | Flip-flop |  32   |  Y  | N  | N  | N  | N  | N  | N  |
|       mem_reg       | Flip-flop |  32   |  Y  | N  | N  | N  | N  | N  | N  |
|       mem_reg       | Flip-flop |  32   |  Y  | N  | N  | N  | N  | N  | N  |
|       mem_reg       | Flip-flop |  32   |  Y  | N  | N  | N  | N  | N  | N  |
|       mem_reg       | Flip-flop |  32   |  Y  | N  | N  | N  | N  | N  | N  |
|       mem_reg       | Flip-flop |  32   |  Y  | N  | N  | N  | N  | N  | N  |
|       mem_reg       | Flip-flop |  32   |  Y  | N  | N  | N  | N  | N  | N  |
|       mem_reg       | Flip-flop |  32   |  Y  | N  | N  | N  | N  | N  | N  |
|       mem_reg       | Flip-flop |  32   |  Y  | N  | N  | N  | N  | N  | N  |
|       mem_reg       | Flip-flop |  32   |  Y  | N  | N  | N  | N  | N  | N  |
===============================================================================
Statistics for MUX_OPs
===========================================================
| block name/line  | Inputs | Outputs | # sel inputs | MB |
===========================================================
|  datamemory/23   |  512   |    2    |      9       | N  |
|  datamemory/23   |  512   |    8    |      9       | N  |
|  datamemory/25   |  512   |   16    |      9       | N  |
|  datamemory/27   |  512   |   32    |      9       | N  |
===========================================================
Warning:  /users/ugrad/2016/fall/yanjiex/EECS112L/lab-1/design/datamemory.sv:18: Netlist for always_comb block contains a latch. (ELAB-974)
Presto compilation completed successfully.
Information: Building the design 'mux2_2' instantiated from design 'Datapath' with
	the parameters "32". (HDL-193)
Presto compilation completed successfully.
1
