Warning: duplicate option '-nosplit' overrides previous value. (CMD-018)
 
****************************************
Report : area
Design : riscv
Version: J-2014.09-SP4
Date   : Sat Mar 24 14:13:03 2018
****************************************

Library(s) Used:

    saed32lvt_tt1p05vn40c (File: /users/ugrad2/2012/spring/pooriam/libraries/saed32lvt_tt1p05vn40c.db)

Number of ports:                           34
Number of nets:                            34
Number of cells:                            1
Number of combinational cells:              0
Number of sequential cells:                 0
Number of macros/black boxes:               0
Number of buf/inv:                          0
Number of references:                       1

Combinational area:               9181.460322
Buf/Inv area:                      653.658370
Noncombinational area:            8054.586054
Macro/Black Box area:                0.000000
Net Interconnect area:            6129.390179

Total cell area:                 17236.046377
Total area:                      23365.436556

The above information was reported from the logical library. The following are from the physical library:

Hierarchical area distribution
------------------------------

                                  Global cell area           Local cell area
                                  -------------------  ---------------------------- 
Hierarchical cell                 Absolute    Percent  Combi-     Noncombi-  Black-
                                  Total       Total    national   national   boxes   Design
--------------------------------  ----------  -------  ---------  ---------  ------  -----------------
riscv                             17236.0464    100.0     0.0000     0.0000  0.0000  riscv
dp                                17236.0464    100.0  3500.0712  1288.2560  0.0000  Datapath
dp/instr_mem                        213.7351      1.2   213.7351     0.0000  0.0000  instructionmemory
dp/rf                             12233.9841     71.0  5467.6540  6766.3301  0.0000  RegFile
--------------------------------  ----------  -------  ---------  ---------  ------  -----------------
Total                                                  9181.4603  8054.5861  0.0000


Area of detected synthetic parts
--------------------------------
  No DW parts to report!

Estimated area of ungrouped synthetic parts
-------------------------------------------
                                      Estimated  Perc. of
  Module              Implem.  Count       Area cell area
  ------------------- -------  ----- ---------- ---------
  DP_OP_88J3_122_5766     str      1   304.2489      1.8%
  DW01_add            apparch      1    21.0940      0.1%
  DW_cmp              apparch     12   148.4280      0.9%
  DW_leftsh              astr      1   536.7517      3.1%
  DW_rightsh             astr      2   972.6093      5.6%
  ------------------- -------  ----- ---------- ---------
  DP_OP Subtotal:                  1   304.2489      1.8%
  Total:                          17  1983.1319     11.5%

Subtotal of datapath(DP_OP) cell area:  304.2489  1.8%  (estimated)
Total synthetic cell area:              1983.1319  11.5%  (estimated)

1
