Information: Updating design information... (UID-85)
Warning: Design 'riscv' contains 1 high-fanout nets. A fanout number of 1000 will be used for delay calculations involving these nets. (TIM-134)
 
****************************************
Report : qor
Design : riscv
Version: J-2014.09-SP4
Date   : Sat Mar 24 14:13:03 2018
****************************************


  Timing Path Group 'clk'
  -----------------------------------
  Levels of Logic:              43.00
  Critical Path Length:          2.90
  Critical Path Slack:           1.09
  Critical Path Clk Period:      4.00
  Total Negative Slack:          0.00
  No. of Violating Paths:        0.00
  Worst Hold Violation:          0.00
  Total Hold Violation:          0.00
  No. of Hold Violations:        0.00
  -----------------------------------


  Cell Count
  -----------------------------------
  Hierarchical Cell Count:          3
  Hierarchical Port Count:        189
  Leaf Cell Count:               5127
  Buf/Inv Cell Count:             394
  Buf Cell Count:                 116
  Inv Cell Count:                 278
  CT Buf/Inv Cell Count:            0
  Combinational Cell Count:      3909
  Sequential Cell Count:         1218
  Macro Count:                      0
  -----------------------------------


  Area
  -----------------------------------
  Combinational Area:     9181.460322
  Noncombinational Area:  8054.586054
  Buf/Inv Area:            653.658370
  Total Buffer Area:           292.27
  Total Inverter Area:         361.39
  Macro/Black Box Area:      0.000000
  Net Area:               6129.390179
  -----------------------------------
  Cell Area:             17236.046377
  Design Area:           23365.436556


  Design Rules
  -----------------------------------
  Total Number of Nets:          5191
  Nets With Violations:             0
  Max Trans Violations:             0
  Max Cap Violations:               0
  -----------------------------------


  Hostname: zuma.eecs.uci.edu

  Compile CPU Statistics
  -----------------------------------------
  Resource Sharing:                   23.56
  Logic Optimization:                 29.85
  Mapping Optimization:               21.07
  -----------------------------------------
  Overall Compile Time:              296.65
  Overall Compile Wall Clock Time:   309.66

  --------------------------------------------------------------------

  Design  WNS: 0.00  TNS: 0.00  Number of Violating Paths: 0


  Design (Hold)  WNS: 0.00  TNS: 0.00  Number of Violating Paths: 0

  --------------------------------------------------------------------


1
